Fitter report for Minitel
Sun May 15 14:14:31 2022
Quartus II 64-Bit Version 13.0.1 Build 232 06/12/2013 Service Pack 1 SJ Web Edition


---------------------
; Table of Contents ;
---------------------
  1. Legal Notice
  2. Fitter Summary
  3. Fitter Settings
  4. Parallel Compilation
  5. Pin-Out File
  6. Fitter Resource Usage Summary
  7. Input Pins
  8. Output Pins
  9. All Package Pins
 10. I/O Standard
 11. Dedicated Inputs I/O
 12. Output Pin Default Load For Reported TCO
 13. Fitter Resource Utilization by Entity
 14. Control Signals
 15. Global & Other Fast Signals
 16. Non-Global High Fan-Out Signals
 17. Other Routing Usage Summary
 18. LAB External Interconnect
 19. LAB Macrocells
 20. Parallel Expander
 21. Logic Cell Interconnection
 22. Fitter Device Options
 23. Fitter Messages



----------------
; Legal Notice ;
----------------
Copyright (C) 1991-2013 Altera Corporation
Your use of Altera Corporation's design tools, logic functions 
and other software and tools, and its AMPP partner logic 
functions, and any output files from any of the foregoing 
(including device programming or simulation files), and any 
associated documentation or information are expressly subject 
to the terms and conditions of the Altera Program License 
Subscription Agreement, Altera MegaCore Function License 
Agreement, or other applicable license agreement, including, 
without limitation, that your use is for the sole purpose of 
programming logic devices manufactured by Altera and sold by 
Altera or its authorized distributors.  Please refer to the 
applicable agreement for further details.



+-----------------------------------------------------------------------------+
; Fitter Summary                                                              ;
+---------------------------+-------------------------------------------------+
; Fitter Status             ; Successful - Sun May 15 14:14:31 2022           ;
; Quartus II 64-Bit Version ; 13.0.1 Build 232 06/12/2013 SP 1 SJ Web Edition ;
; Revision Name             ; Minitel                                         ;
; Top-level Entity Name     ; Minitel                                         ;
; Family                    ; MAX7000S                                        ;
; Device                    ; EPM7128SLC84-10                                 ;
; Timing Models             ; Final                                           ;
; Total macrocells          ; 112 / 128 ( 88 % )                              ;
; Total pins                ; 56 / 68 ( 82 % )                                ;
+---------------------------+-------------------------------------------------+


+--------------------------------------------------------------------------------------------------------------+
; Fitter Settings                                                                                              ;
+----------------------------------------------------------------------------+-----------------+---------------+
; Option                                                                     ; Setting         ; Default Value ;
+----------------------------------------------------------------------------+-----------------+---------------+
; Device                                                                     ; EPM7128SLC84-10 ;               ;
; Use smart compilation                                                      ; Off             ; Off           ;
; Enable parallel Assembler and TimeQuest Timing Analyzer during compilation ; On              ; On            ;
; Enable compact report table                                                ; Off             ; Off           ;
; Optimize Multi-Corner Timing                                               ; Off             ; Off           ;
; Optimize Timing for ECOs                                                   ; Off             ; Off           ;
; Regenerate full fit report during ECO compiles                             ; Off             ; Off           ;
; Optimize IOC Register Placement for Timing                                 ; Normal          ; Normal        ;
; Fitter Initial Placement Seed                                              ; 1               ; 1             ;
; Slow Slew Rate                                                             ; Off             ; Off           ;
; Fitter Effort                                                              ; Auto Fit        ; Auto Fit      ;
; Force Fitter to Avoid Periphery Placement Warnings                         ; Off             ; Off           ;
+----------------------------------------------------------------------------+-----------------+---------------+


Parallel compilation was disabled, but you have multiple processors available. Enable parallel compilation to reduce compilation time.
+-------------------------------------+
; Parallel Compilation                ;
+----------------------------+--------+
; Processors                 ; Number ;
+----------------------------+--------+
; Number detected on machine ; 8      ;
; Maximum allowed            ; 1      ;
+----------------------------+--------+


+--------------+
; Pin-Out File ;
+--------------+
The pin-out file can be found in C:/Users/bubul/Documents/Kicad/Minitel/CPLD/output_files/Minitel.pin.


+---------------------------------------------------+
; Fitter Resource Usage Summary                     ;
+------------------------------+--------------------+
; Resource                     ; Usage              ;
+------------------------------+--------------------+
; Logic cells                  ; 112 / 128 ( 88 % ) ;
; Registers                    ; 90 / 128 ( 70 % )  ;
; Number of pterms used        ; 242                ;
; I/O pins                     ; 56 / 68 ( 82 % )   ;
;     -- Clock pins            ; 1 / 2 ( 50 % )     ;
;     -- Dedicated input pins  ; 2 / 2 ( 100 % )    ;
;                              ;                    ;
; Global signals               ; 1                  ;
; Shareable expanders          ; 0 / 128 ( 0 % )    ;
; Parallel expanders           ; 1 / 120 ( < 1 % )  ;
; Cells using turbo bit        ; 112 / 128 ( 88 % ) ;
; Maximum fan-out              ; 46                 ;
; Highest non-global fan-out   ; 46                 ;
; Total fan-out                ; 526                ;
; Average fan-out              ; 3.13               ;
+------------------------------+--------------------+


+------------------------------------------------------------------------------------------------------------------------------------------------+
; Input Pins                                                                                                                                     ;
+----------+-------+----------+-----+-----------------------+--------------------+--------+----------------+--------------+----------------------+
; Name     ; Pin # ; I/O Bank ; LAB ; Combinational Fan-Out ; Registered Fan-Out ; Global ; Input Register ; I/O Standard ; Location assigned by ;
+----------+-------+----------+-----+-----------------------+--------------------+--------+----------------+--------------+----------------------+
; A0       ; 9     ; --       ; 1   ; 10                    ; 0                  ; no     ; no             ; TTL          ; User                 ;
; A1       ; 10    ; --       ; 1   ; 10                    ; 0                  ; no     ; no             ; TTL          ; User                 ;
; A10      ; 24    ; --       ; 3   ; 15                    ; 0                  ; no     ; no             ; TTL          ; User                 ;
; A11      ; 22    ; --       ; 2   ; 15                    ; 0                  ; no     ; no             ; TTL          ; User                 ;
; A12      ; 21    ; --       ; 2   ; 15                    ; 0                  ; no     ; no             ; TTL          ; User                 ;
; A13      ; 16    ; --       ; 2   ; 16                    ; 0                  ; no     ; no             ; TTL          ; User                 ;
; A14      ; 17    ; --       ; 2   ; 16                    ; 0                  ; no     ; no             ; TTL          ; User                 ;
; A15      ; 15    ; --       ; 2   ; 16                    ; 0                  ; no     ; no             ; TTL          ; User                 ;
; A2       ; 11    ; --       ; 1   ; 10                    ; 0                  ; no     ; no             ; TTL          ; User                 ;
; A3       ; 12    ; --       ; 1   ; 10                    ; 0                  ; no     ; no             ; TTL          ; User                 ;
; A4       ; 31    ; --       ; 3   ; 10                    ; 0                  ; no     ; no             ; TTL          ; User                 ;
; A5       ; 30    ; --       ; 3   ; 11                    ; 0                  ; no     ; no             ; TTL          ; User                 ;
; A6       ; 29    ; --       ; 3   ; 11                    ; 0                  ; no     ; no             ; TTL          ; User                 ;
; A7       ; 28    ; --       ; 3   ; 12                    ; 0                  ; no     ; no             ; TTL          ; User                 ;
; A8       ; 27    ; --       ; 3   ; 15                    ; 0                  ; no     ; no             ; TTL          ; User                 ;
; A9       ; 25    ; --       ; 3   ; 15                    ; 0                  ; no     ; no             ; TTL          ; User                 ;
; CLK      ; 8     ; --       ; 1   ; 10                    ; 0                  ; no     ; no             ; TTL          ; User                 ;
; CLK_BAUD ; 79    ; --       ; 8   ; 1                     ; 0                  ; no     ; no             ; TTL          ; User                 ;
; D0       ; 65    ; --       ; 7   ; 1                     ; 0                  ; no     ; no             ; TTL          ; User                 ;
; D1       ; 67    ; --       ; 7   ; 1                     ; 0                  ; no     ; no             ; TTL          ; User                 ;
; D2       ; 70    ; --       ; 7   ; 1                     ; 0                  ; no     ; no             ; TTL          ; User                 ;
; D3       ; 73    ; --       ; 8   ; 1                     ; 0                  ; no     ; no             ; TTL          ; User                 ;
; D4       ; 74    ; --       ; 8   ; 1                     ; 0                  ; no     ; no             ; TTL          ; User                 ;
; D5       ; 76    ; --       ; 8   ; 1                     ; 0                  ; no     ; no             ; TTL          ; User                 ;
; KB_CLK   ; 83    ; --       ; --  ; 40                    ; 0                  ; yes    ; no             ; TTL          ; User                 ;
; KB_DATA  ; 84    ; --       ; --  ; 1                     ; 0                  ; no     ; no             ; TTL          ; User                 ;
; KB_LATCH ; 81    ; --       ; 8   ; 40                    ; 0                  ; no     ; no             ; TTL          ; User                 ;
; nIORQ    ; 20    ; --       ; 2   ; 1                     ; 0                  ; no     ; no             ; TTL          ; User                 ;
; nMREQ    ; 18    ; --       ; 2   ; 11                    ; 0                  ; no     ; no             ; TTL          ; User                 ;
; nRD      ; 5     ; --       ; 1   ; 2                     ; 0                  ; no     ; no             ; TTL          ; User                 ;
; nRESET   ; 77    ; --       ; 8   ; 46                    ; 0                  ; no     ; no             ; TTL          ; User                 ;
; nRFSH    ; 50    ; --       ; 5   ; 2                     ; 0                  ; no     ; no             ; TTL          ; User                 ;
; nWR      ; 1     ; --       ; --  ; 6                     ; 0                  ; no     ; no             ; TTL          ; User                 ;
+----------+-------+----------+-----+-----------------------+--------------------+--------+----------------+--------------+----------------------+


+-----------------------------------------------------------------------------------------------------------------------------------------------------------------------------------------------+
; Output Pins                                                                                                                                                                                   ;
+-----------+-------+----------+-----+-----------------+----------------+------------+---------------+--------------+----------------------+-------+----------------------+---------------------+
; Name      ; Pin # ; I/O Bank ; LAB ; Output Register ; Slow Slew Rate ; Open Drain ; TRI Primitive ; I/O Standard ; Location assigned by ; Load  ; Output Enable Source ; Output Enable Group ;
+-----------+-------+----------+-----+-----------------+----------------+------------+---------------+--------------+----------------------+-------+----------------------+---------------------+
; CLK_ACIA0 ; 4     ; --       ; 1   ; no              ; no             ; no         ; no            ; TTL          ; User                 ; 10 pF ; -                    ; -                   ;
; CLK_ACIA1 ; 69    ; --       ; 7   ; no              ; no             ; no         ; no            ; TTL          ; User                 ; 10 pF ; -                    ; -                   ;
; CLK_YMZ   ; 61    ; --       ; 6   ; no              ; no             ; no         ; no            ; TTL          ; User                 ; 10 pF ; -                    ; -                   ;
; KBD0      ; 58    ; --       ; 6   ; no              ; no             ; yes        ; no            ; TTL          ; User                 ; 10 pF ; -                    ; -                   ;
; KBD1      ; 57    ; --       ; 6   ; no              ; no             ; yes        ; no            ; TTL          ; User                 ; 10 pF ; -                    ; -                   ;
; KBD2      ; 56    ; --       ; 6   ; no              ; no             ; yes        ; no            ; TTL          ; User                 ; 10 pF ; -                    ; -                   ;
; KBD3      ; 55    ; --       ; 6   ; no              ; no             ; yes        ; no            ; TTL          ; User                 ; 10 pF ; -                    ; -                   ;
; KBD4      ; 54    ; --       ; 6   ; no              ; no             ; yes        ; no            ; TTL          ; User                 ; 10 pF ; -                    ; -                   ;
; MEM_DIS   ; 64    ; --       ; 7   ; no              ; no             ; no         ; no            ; TTL          ; User                 ; 10 pF ; -                    ; -                   ;
; NV_A13    ; 33    ; --       ; 4   ; no              ; no             ; no         ; no            ; TTL          ; User                 ; 10 pF ; -                    ; -                   ;
; NV_A14    ; 35    ; --       ; 4   ; no              ; no             ; no         ; no            ; TTL          ; User                 ; 10 pF ; -                    ; -                   ;
; NV_A15    ; 36    ; --       ; 4   ; no              ; no             ; no         ; no            ; TTL          ; User                 ; 10 pF ; -                    ; -                   ;
; NV_A16    ; 37    ; --       ; 4   ; no              ; no             ; no         ; no            ; TTL          ; User                 ; 10 pF ; -                    ; -                   ;
; NV_A17    ; 39    ; --       ; 4   ; no              ; no             ; no         ; no            ; TTL          ; User                 ; 10 pF ; -                    ; -                   ;
; nA7       ; 63    ; --       ; 7   ; no              ; no             ; no         ; no            ; TTL          ; User                 ; 10 pF ; -                    ; -                   ;
; nACIA0    ; 6     ; --       ; 1   ; no              ; no             ; no         ; no            ; TTL          ; User                 ; 10 pF ; -                    ; -                   ;
; nACIA1    ; 75    ; --       ; 8   ; no              ; no             ; no         ; no            ; TTL          ; User                 ; 10 pF ; -                    ; -                   ;
; nCS_ROM   ; 34    ; --       ; 4   ; no              ; no             ; no         ; no            ; TTL          ; User                 ; 10 pF ; -                    ; -                   ;
; nYMZ      ; 60    ; --       ; 6   ; no              ; no             ; no         ; no            ; TTL          ; User                 ; 10 pF ; -                    ; -                   ;
+-----------+-------+----------+-----+-----------------+----------------+------------+---------------+--------------+----------------------+-------+----------------------+---------------------+


+-------------------------------------------------------------------------------------------------------+
; All Package Pins                                                                                      ;
+----------+------------+----------+----------------+--------+--------------+---------+-----------------+
; Location ; Pad Number ; I/O Bank ; Pin Name/Usage ; Dir.   ; I/O Standard ; Voltage ; User Assignment ;
+----------+------------+----------+----------------+--------+--------------+---------+-----------------+
; 1        ; 0          ; --       ; nWR            ; input  ; TTL          ;         ; Y               ;
; 2        ; 1          ; --       ; GND+           ;        ;              ;         ;                 ;
; 3        ; 2          ; --       ; VCCINT         ; power  ;              ; 5.0V    ;                 ;
; 4        ; 3          ; --       ; CLK_ACIA0      ; output ; TTL          ;         ; Y               ;
; 5        ; 4          ; --       ; nRD            ; input  ; TTL          ;         ; Y               ;
; 6        ; 5          ; --       ; nACIA0         ; output ; TTL          ;         ; Y               ;
; 7        ; 6          ; --       ; GND            ; gnd    ;              ;         ;                 ;
; 8        ; 7          ; --       ; CLK            ; input  ; TTL          ;         ; Y               ;
; 9        ; 8          ; --       ; A0             ; input  ; TTL          ;         ; Y               ;
; 10       ; 9          ; --       ; A1             ; input  ; TTL          ;         ; Y               ;
; 11       ; 10         ; --       ; A2             ; input  ; TTL          ;         ; Y               ;
; 12       ; 11         ; --       ; A3             ; input  ; TTL          ;         ; Y               ;
; 13       ; 12         ; --       ; VCCIO          ; power  ;              ; 5.0V    ;                 ;
; 14       ; 13         ; --       ; TDI            ; input  ; TTL          ;         ; N               ;
; 15       ; 14         ; --       ; A15            ; input  ; TTL          ;         ; Y               ;
; 16       ; 15         ; --       ; A13            ; input  ; TTL          ;         ; Y               ;
; 17       ; 16         ; --       ; A14            ; input  ; TTL          ;         ; Y               ;
; 18       ; 17         ; --       ; nMREQ          ; input  ; TTL          ;         ; Y               ;
; 19       ; 18         ; --       ; GND            ; gnd    ;              ;         ;                 ;
; 20       ; 19         ; --       ; nIORQ          ; input  ; TTL          ;         ; Y               ;
; 21       ; 20         ; --       ; A12            ; input  ; TTL          ;         ; Y               ;
; 22       ; 21         ; --       ; A11            ; input  ; TTL          ;         ; Y               ;
; 23       ; 22         ; --       ; TMS            ; input  ; TTL          ;         ; N               ;
; 24       ; 23         ; --       ; A10            ; input  ; TTL          ;         ; Y               ;
; 25       ; 24         ; --       ; A9             ; input  ; TTL          ;         ; Y               ;
; 26       ; 25         ; --       ; VCCIO          ; power  ;              ; 5.0V    ;                 ;
; 27       ; 26         ; --       ; A8             ; input  ; TTL          ;         ; Y               ;
; 28       ; 27         ; --       ; A7             ; input  ; TTL          ;         ; Y               ;
; 29       ; 28         ; --       ; A6             ; input  ; TTL          ;         ; Y               ;
; 30       ; 29         ; --       ; A5             ; input  ; TTL          ;         ; Y               ;
; 31       ; 30         ; --       ; A4             ; input  ; TTL          ;         ; Y               ;
; 32       ; 31         ; --       ; GND            ; gnd    ;              ;         ;                 ;
; 33       ; 32         ; --       ; NV_A13         ; output ; TTL          ;         ; Y               ;
; 34       ; 33         ; --       ; nCS_ROM        ; output ; TTL          ;         ; Y               ;
; 35       ; 34         ; --       ; NV_A14         ; output ; TTL          ;         ; Y               ;
; 36       ; 35         ; --       ; NV_A15         ; output ; TTL          ;         ; Y               ;
; 37       ; 36         ; --       ; NV_A16         ; output ; TTL          ;         ; Y               ;
; 38       ; 37         ; --       ; VCCIO          ; power  ;              ; 5.0V    ;                 ;
; 39       ; 38         ; --       ; NV_A17         ; output ; TTL          ;         ; Y               ;
; 40       ; 39         ; --       ; RESERVED_INPUT ;        ;              ;         ;                 ;
; 41       ; 40         ; --       ; RESERVED_INPUT ;        ;              ;         ;                 ;
; 42       ; 41         ; --       ; GND            ; gnd    ;              ;         ;                 ;
; 43       ; 42         ; --       ; VCCINT         ; power  ;              ; 5.0V    ;                 ;
; 44       ; 43         ; --       ; RESERVED_INPUT ;        ;              ;         ;                 ;
; 45       ; 44         ; --       ; RESERVED_INPUT ;        ;              ;         ;                 ;
; 46       ; 45         ; --       ; RESERVED_INPUT ;        ;              ;         ;                 ;
; 47       ; 46         ; --       ; GND            ; gnd    ;              ;         ;                 ;
; 48       ; 47         ; --       ; RESERVED_INPUT ;        ;              ;         ;                 ;
; 49       ; 48         ; --       ; RESERVED_INPUT ;        ;              ;         ;                 ;
; 50       ; 49         ; --       ; nRFSH          ; input  ; TTL          ;         ; Y               ;
; 51       ; 50         ; --       ; RESERVED_INPUT ;        ;              ;         ;                 ;
; 52       ; 51         ; --       ; RESERVED_INPUT ;        ;              ;         ;                 ;
; 53       ; 52         ; --       ; VCCIO          ; power  ;              ; 5.0V    ;                 ;
; 54       ; 53         ; --       ; KBD4           ; output ; TTL          ;         ; Y               ;
; 55       ; 54         ; --       ; KBD3           ; output ; TTL          ;         ; Y               ;
; 56       ; 55         ; --       ; KBD2           ; output ; TTL          ;         ; Y               ;
; 57       ; 56         ; --       ; KBD1           ; output ; TTL          ;         ; Y               ;
; 58       ; 57         ; --       ; KBD0           ; output ; TTL          ;         ; Y               ;
; 59       ; 58         ; --       ; GND            ; gnd    ;              ;         ;                 ;
; 60       ; 59         ; --       ; nYMZ           ; output ; TTL          ;         ; Y               ;
; 61       ; 60         ; --       ; CLK_YMZ        ; output ; TTL          ;         ; Y               ;
; 62       ; 61         ; --       ; TCK            ; input  ; TTL          ;         ; N               ;
; 63       ; 62         ; --       ; nA7            ; output ; TTL          ;         ; Y               ;
; 64       ; 63         ; --       ; MEM_DIS        ; output ; TTL          ;         ; Y               ;
; 65       ; 64         ; --       ; D0             ; input  ; TTL          ;         ; Y               ;
; 66       ; 65         ; --       ; VCCIO          ; power  ;              ; 5.0V    ;                 ;
; 67       ; 66         ; --       ; D1             ; input  ; TTL          ;         ; Y               ;
; 68       ; 67         ; --       ; RESERVED_INPUT ;        ;              ;         ;                 ;
; 69       ; 68         ; --       ; CLK_ACIA1      ; output ; TTL          ;         ; Y               ;
; 70       ; 69         ; --       ; D2             ; input  ; TTL          ;         ; Y               ;
; 71       ; 70         ; --       ; TDO            ; output ; TTL          ;         ; N               ;
; 72       ; 71         ; --       ; GND            ; gnd    ;              ;         ;                 ;
; 73       ; 72         ; --       ; D3             ; input  ; TTL          ;         ; Y               ;
; 74       ; 73         ; --       ; D4             ; input  ; TTL          ;         ; Y               ;
; 75       ; 74         ; --       ; nACIA1         ; output ; TTL          ;         ; Y               ;
; 76       ; 75         ; --       ; D5             ; input  ; TTL          ;         ; Y               ;
; 77       ; 76         ; --       ; nRESET         ; input  ; TTL          ;         ; Y               ;
; 78       ; 77         ; --       ; VCCIO          ; power  ;              ; 5.0V    ;                 ;
; 79       ; 78         ; --       ; CLK_BAUD       ; input  ; TTL          ;         ; Y               ;
; 80       ; 79         ; --       ; RESERVED_INPUT ;        ;              ;         ;                 ;
; 81       ; 80         ; --       ; KB_LATCH       ; input  ; TTL          ;         ; Y               ;
; 82       ; 81         ; --       ; GND            ; gnd    ;              ;         ;                 ;
; 83       ; 82         ; --       ; KB_CLK         ; input  ; TTL          ;         ; Y               ;
; 84       ; 83         ; --       ; KB_DATA        ; input  ; TTL          ;         ; Y               ;
+----------+------------+----------+----------------+--------+--------------+---------+-----------------+
Note: Pin directions (input, output or bidir) are based on device operating in user mode.


+--------------------------------------------------------------------------------------------------+
; I/O Standard                                                                                     ;
+--------------+------------+----------------------+-------------------+-------------------+-------+
; I/O Standard ; Input Vref ; Dedicated Input Pins ; Pins in I/O Bank1 ; Pins in I/O Bank2 ; Total ;
+--------------+------------+----------------------+-------------------+-------------------+-------+
; TTL          ; -          ; 3                    ; 0                 ; 0                 ; 3     ;
+--------------+------------+----------------------+-------------------+-------------------+-------+


+-----------------------------------------------------------------------+
; Dedicated Inputs I/O                                                  ;
+---------+-------+-------+-------+--------------+------------+---------+
; Name    ; Pin # ; Type  ; VCCIO ; I/O Standard ; Input Vref ; Current ;
+---------+-------+-------+-------+--------------+------------+---------+
; KB_CLK  ; 83    ; Input ; --    ; TTL          ; -          ; 0 mA    ;
; KB_DATA ; 84    ; Input ; --    ; TTL          ; -          ; 0 mA    ;
; nWR     ; 1     ; Input ; --    ; TTL          ; -          ; 0 mA    ;
+---------+-------+-------+-------+--------------+------------+---------+


+-----------------------------------------------+
; Output Pin Default Load For Reported TCO      ;
+--------------+-------+------------------------+
; I/O Standard ; Load  ; Termination Resistance ;
+--------------+-------+------------------------+
; 3.3-V LVTTL  ; 10 pF ; Not Available          ;
; 3.3-V LVCMOS ; 10 pF ; Not Available          ;
; TTL          ; 10 pF ; Not Available          ;
+--------------+-------+------------------------+
Note: User assignments will override these defaults. The user specified values are listed in the Output Pins and Bidir Pins tables.


+-----------------------------------------------------------------------------------------------------------------+
; Fitter Resource Utilization by Entity                                                                           ;
+----------------------------+------------+------+-------------------------------------------------+--------------+
; Compilation Hierarchy Node ; Macrocells ; Pins ; Full Hierarchy Name                             ; Library Name ;
+----------------------------+------------+------+-------------------------------------------------+--------------+
; |Minitel                   ; 112        ; 56   ; |Minitel                                        ; work         ;
;    |74273:inst12|          ; 6          ; 0    ; |Minitel|74273:inst12                           ; work         ;
;    |Clavier:inst|          ; 95         ; 0    ; |Minitel|Clavier:inst                           ; work         ;
;       |KB_Reg:inst1|       ; 14         ; 0    ; |Minitel|Clavier:inst|KB_Reg:inst1              ; work         ;
;          |74374:inst18|    ; 7          ; 0    ; |Minitel|Clavier:inst|KB_Reg:inst1|74374:inst18 ; work         ;
;       |KB_Reg:inst2|       ; 10         ; 0    ; |Minitel|Clavier:inst|KB_Reg:inst2              ; work         ;
;          |74374:inst18|    ; 5          ; 0    ; |Minitel|Clavier:inst|KB_Reg:inst2|74374:inst18 ; work         ;
;       |KB_Reg:inst3|       ; 10         ; 0    ; |Minitel|Clavier:inst|KB_Reg:inst3              ; work         ;
;          |74374:inst18|    ; 5          ; 0    ; |Minitel|Clavier:inst|KB_Reg:inst3|74374:inst18 ; work         ;
;       |KB_Reg:inst4|       ; 16         ; 0    ; |Minitel|Clavier:inst|KB_Reg:inst4              ; work         ;
;          |74374:inst18|    ; 8          ; 0    ; |Minitel|Clavier:inst|KB_Reg:inst4|74374:inst18 ; work         ;
;       |KB_Reg:inst5|       ; 10         ; 0    ; |Minitel|Clavier:inst|KB_Reg:inst5              ; work         ;
;          |74374:inst18|    ; 5          ; 0    ; |Minitel|Clavier:inst|KB_Reg:inst5|74374:inst18 ; work         ;
;       |KB_Reg:inst6|       ; 14         ; 0    ; |Minitel|Clavier:inst|KB_Reg:inst6              ; work         ;
;          |74374:inst18|    ; 9          ; 0    ; |Minitel|Clavier:inst|KB_Reg:inst6|74374:inst18 ; work         ;
;       |KB_Reg:inst7|       ; 11         ; 0    ; |Minitel|Clavier:inst|KB_Reg:inst7              ; work         ;
;          |74374:inst18|    ; 6          ; 0    ; |Minitel|Clavier:inst|KB_Reg:inst7|74374:inst18 ; work         ;
;       |KB_Reg:inst|        ; 10         ; 0    ; |Minitel|Clavier:inst|KB_Reg:inst               ; work         ;
;          |74374:inst18|    ; 5          ; 0    ; |Minitel|Clavier:inst|KB_Reg:inst|74374:inst18  ; work         ;
;    |decodage:inst7|        ; 3          ; 0    ; |Minitel|decodage:inst7                         ; work         ;
;    |div_clock:inst4|       ; 1          ; 0    ; |Minitel|div_clock:inst4                        ; work         ;
;    |div_clock:inst5|       ; 3          ; 0    ; |Minitel|div_clock:inst5                        ; work         ;
+----------------------------+------------+------+-------------------------------------------------+--------------+


+--------------------------------------------------------------------------------------------------------------+
; Control Signals                                                                                              ;
+-----------------------+----------+---------+--------------+--------+----------------------+------------------+
; Name                  ; Location ; Fan-Out ; Usage        ; Global ; Global Resource Used ; Global Line Name ;
+-----------------------+----------+---------+--------------+--------+----------------------+------------------+
; A0                    ; PIN_9    ; 10      ; Clock        ; no     ; --                   ; --               ;
; A1                    ; PIN_10   ; 10      ; Clock        ; no     ; --                   ; --               ;
; A10                   ; PIN_24   ; 15      ; Clock        ; no     ; --                   ; --               ;
; A11                   ; PIN_22   ; 15      ; Clock        ; no     ; --                   ; --               ;
; A12                   ; PIN_21   ; 15      ; Clock        ; no     ; --                   ; --               ;
; A13                   ; PIN_16   ; 16      ; Clock        ; no     ; --                   ; --               ;
; A14                   ; PIN_17   ; 16      ; Clock        ; no     ; --                   ; --               ;
; A15                   ; PIN_15   ; 16      ; Clock        ; no     ; --                   ; --               ;
; A2                    ; PIN_11   ; 10      ; Clock        ; no     ; --                   ; --               ;
; A3                    ; PIN_12   ; 10      ; Clock        ; no     ; --                   ; --               ;
; A4                    ; PIN_31   ; 10      ; Clock        ; no     ; --                   ; --               ;
; A5                    ; PIN_30   ; 11      ; Clock        ; no     ; --                   ; --               ;
; A6                    ; PIN_29   ; 11      ; Clock        ; no     ; --                   ; --               ;
; A7                    ; PIN_28   ; 12      ; Clock        ; no     ; --                   ; --               ;
; A8                    ; PIN_27   ; 15      ; Clock        ; no     ; --                   ; --               ;
; A9                    ; PIN_25   ; 15      ; Clock        ; no     ; --                   ; --               ;
; CLK                   ; PIN_8    ; 10      ; Clock        ; no     ; --                   ; --               ;
; CLK_BAUD              ; PIN_79   ; 1       ; Clock        ; no     ; --                   ; --               ;
; KB_CLK                ; PIN_83   ; 40      ; Clock        ; yes    ; On                   ; --               ;
; KB_LATCH              ; PIN_81   ; 40      ; Clock        ; no     ; --                   ; --               ;
; div_clock:inst5|inst8 ; LC16     ; 2       ; Clock        ; no     ; --                   ; --               ;
; div_clock:inst5|inst9 ; LC41     ; 1       ; Clock        ; no     ; --                   ; --               ;
; nMREQ                 ; PIN_18   ; 11      ; Clock        ; no     ; --                   ; --               ;
; nRESET                ; PIN_77   ; 46      ; Async. clear ; no     ; --                   ; --               ;
; nWR                   ; PIN_1    ; 6       ; Clock        ; no     ; --                   ; --               ;
+-----------------------+----------+---------+--------------+--------+----------------------+------------------+


+-----------------------------------------------------------------------+
; Global & Other Fast Signals                                           ;
+--------+----------+---------+----------------------+------------------+
; Name   ; Location ; Fan-Out ; Global Resource Used ; Global Line Name ;
+--------+----------+---------+----------------------+------------------+
; KB_CLK ; PIN_83   ; 40      ; On                   ; --               ;
+--------+----------+---------+----------------------+------------------+


+------------------------------------------------------------------+
; Non-Global High Fan-Out Signals                                  ;
+--------------------------------------------------------+---------+
; Name                                                   ; Fan-Out ;
+--------------------------------------------------------+---------+
; nRESET                                                 ; 46      ;
; KB_LATCH                                               ; 40      ;
; A15                                                    ; 16      ;
; A14                                                    ; 16      ;
; A13                                                    ; 16      ;
; A12                                                    ; 15      ;
; A11                                                    ; 15      ;
; A10                                                    ; 15      ;
; A9                                                     ; 15      ;
; A8                                                     ; 15      ;
; A7                                                     ; 12      ;
; nMREQ                                                  ; 11      ;
; A5                                                     ; 11      ;
; A6                                                     ; 11      ;
; A0                                                     ; 10      ;
; A1                                                     ; 10      ;
; A2                                                     ; 10      ;
; A3                                                     ; 10      ;
; A4                                                     ; 10      ;
; CLK                                                    ; 10      ;
; nWR                                                    ; 6       ;
; nRD                                                    ; 2       ;
; nRFSH                                                  ; 2       ;
; Clavier:inst|KB_Reg:inst7|inst3                        ; 2       ;
; Clavier:inst|KB_Reg:inst7|inst2                        ; 2       ;
; Clavier:inst|KB_Reg:inst7|inst1                        ; 2       ;
; Clavier:inst|KB_Reg:inst7|inst                         ; 2       ;
; Clavier:inst|KB_Reg:inst6|inst4                        ; 2       ;
; Clavier:inst|KB_Reg:inst6|inst3                        ; 2       ;
; Clavier:inst|KB_Reg:inst6|inst2                        ; 2       ;
; Clavier:inst|KB_Reg:inst6|inst1                        ; 2       ;
; Clavier:inst|KB_Reg:inst6|inst                         ; 2       ;
; Clavier:inst|KB_Reg:inst5|inst4                        ; 2       ;
; Clavier:inst|KB_Reg:inst5|inst3                        ; 2       ;
; Clavier:inst|KB_Reg:inst5|inst2                        ; 2       ;
; Clavier:inst|KB_Reg:inst5|inst1                        ; 2       ;
; Clavier:inst|KB_Reg:inst5|inst                         ; 2       ;
; Clavier:inst|KB_Reg:inst4|inst4                        ; 2       ;
; Clavier:inst|KB_Reg:inst4|inst3                        ; 2       ;
; Clavier:inst|KB_Reg:inst4|inst2                        ; 2       ;
; Clavier:inst|KB_Reg:inst4|inst1                        ; 2       ;
; Clavier:inst|KB_Reg:inst4|inst                         ; 2       ;
; Clavier:inst|KB_Reg:inst3|inst4                        ; 2       ;
; Clavier:inst|KB_Reg:inst3|inst3                        ; 2       ;
; Clavier:inst|KB_Reg:inst3|inst2                        ; 2       ;
; Clavier:inst|KB_Reg:inst3|inst1                        ; 2       ;
; Clavier:inst|KB_Reg:inst3|inst                         ; 2       ;
; Clavier:inst|KB_Reg:inst2|inst4                        ; 2       ;
; Clavier:inst|KB_Reg:inst2|inst3                        ; 2       ;
; Clavier:inst|KB_Reg:inst2|inst2                        ; 2       ;
; Clavier:inst|KB_Reg:inst2|inst1                        ; 2       ;
; Clavier:inst|KB_Reg:inst2|inst                         ; 2       ;
; Clavier:inst|KB_Reg:inst1|inst4                        ; 2       ;
; Clavier:inst|KB_Reg:inst1|inst3                        ; 2       ;
; Clavier:inst|KB_Reg:inst1|inst2                        ; 2       ;
; Clavier:inst|KB_Reg:inst1|inst1                        ; 2       ;
; Clavier:inst|KB_Reg:inst1|inst                         ; 2       ;
; Clavier:inst|KB_Reg:inst|inst4                         ; 2       ;
; 74273:inst12|14                                        ; 2       ;
; Clavier:inst|KB_Reg:inst|inst3                         ; 2       ;
; Clavier:inst|KB_Reg:inst|inst2                         ; 2       ;
; Clavier:inst|KB_Reg:inst|inst1                         ; 2       ;
; div_clock:inst5|inst8                                  ; 2       ;
; Clavier:inst|KB_Reg:inst|inst                          ; 2       ;
; CLK_BAUD                                               ; 1       ;
; D4                                                     ; 1       ;
; D5                                                     ; 1       ;
; D3                                                     ; 1       ;
; D0                                                     ; 1       ;
; D2                                                     ; 1       ;
; D1                                                     ; 1       ;
; nIORQ                                                  ; 1       ;
; KB_DATA                                                ; 1       ;
; Clavier:inst|KB_Reg:inst6|74374:inst18|44~1sexpand1bal ; 1       ;
; Clavier:inst|KB_Reg:inst6|74374:inst18|43~1sexpand1bal ; 1       ;
; Clavier:inst|KB_Reg:inst6|74374:inst18|42~1sexpand1bal ; 1       ;
; Clavier:inst|KB_Reg:inst6|74374:inst18|41~1sexpand1bal ; 1       ;
; Clavier:inst|KB_Reg:inst7|74374:inst18|40~1sexpand1bal ; 1       ;
; Clavier:inst|KB_Reg:inst1|74374:inst18|44~1sexpand1bal ; 1       ;
; Clavier:inst|KB_Reg:inst4|74374:inst18|43~1sexpand1bal ; 1       ;
; Clavier:inst|KB_Reg:inst4|74374:inst18|42~1sexpand1bal ; 1       ;
; Clavier:inst|KB_Reg:inst4|74374:inst18|41~1sexpand1bal ; 1       ;
; Clavier:inst|KB_Reg:inst1|74374:inst18|40~1sexpand1bal ; 1       ;
; inst11~9                                               ; 1       ;
; Clavier:inst|KB_Reg:inst1|inst19~3                     ; 1       ;
; Clavier:inst|KB_Reg:inst4|inst20~3                     ; 1       ;
; Clavier:inst|KB_Reg:inst4|inst21~3                     ; 1       ;
; Clavier:inst|KB_Reg:inst7|74374:inst18|17              ; 1       ;
; Clavier:inst|KB_Reg:inst4|inst22~3                     ; 1       ;
; Clavier:inst|KB_Reg:inst7|74374:inst18|16              ; 1       ;
; Clavier:inst|KB_Reg:inst7|inst4                        ; 1       ;
; Clavier:inst|KB_Reg:inst1|inst15~3                     ; 1       ;
; Clavier:inst|KB_Reg:inst7|74374:inst18|15              ; 1       ;
; Clavier:inst|KB_Reg:inst7|74374:inst18|14              ; 1       ;
; Clavier:inst|KB_Reg:inst7|74374:inst18|13              ; 1       ;
; Clavier:inst|KB_Reg:inst6|74374:inst18|17              ; 1       ;
; Clavier:inst|KB_Reg:inst6|74374:inst18|16              ; 1       ;
; Clavier:inst|KB_Reg:inst6|74374:inst18|15              ; 1       ;
; Clavier:inst|KB_Reg:inst6|74374:inst18|14              ; 1       ;
; Clavier:inst|KB_Reg:inst6|74374:inst18|13              ; 1       ;
; Clavier:inst|KB_Reg:inst5|74374:inst18|17              ; 1       ;
; Clavier:inst|KB_Reg:inst5|74374:inst18|16              ; 1       ;
; Clavier:inst|KB_Reg:inst5|74374:inst18|15              ; 1       ;
; Clavier:inst|KB_Reg:inst5|74374:inst18|14              ; 1       ;
; Clavier:inst|KB_Reg:inst5|74374:inst18|13              ; 1       ;
; Clavier:inst|KB_Reg:inst4|74374:inst18|17              ; 1       ;
; Clavier:inst|KB_Reg:inst4|74374:inst18|16              ; 1       ;
; Clavier:inst|KB_Reg:inst4|74374:inst18|15              ; 1       ;
; Clavier:inst|KB_Reg:inst4|74374:inst18|14              ; 1       ;
; Clavier:inst|KB_Reg:inst4|74374:inst18|13              ; 1       ;
; Clavier:inst|KB_Reg:inst3|74374:inst18|17              ; 1       ;
; Clavier:inst|KB_Reg:inst3|74374:inst18|16              ; 1       ;
; Clavier:inst|KB_Reg:inst3|74374:inst18|15              ; 1       ;
; Clavier:inst|KB_Reg:inst3|74374:inst18|14              ; 1       ;
; Clavier:inst|KB_Reg:inst3|74374:inst18|13              ; 1       ;
; Clavier:inst|KB_Reg:inst2|74374:inst18|17              ; 1       ;
; Clavier:inst|KB_Reg:inst2|74374:inst18|16              ; 1       ;
; Clavier:inst|KB_Reg:inst2|74374:inst18|15              ; 1       ;
; Clavier:inst|KB_Reg:inst2|74374:inst18|14              ; 1       ;
; Clavier:inst|KB_Reg:inst2|74374:inst18|13              ; 1       ;
; Clavier:inst|KB_Reg:inst1|74374:inst18|17              ; 1       ;
; Clavier:inst|KB_Reg:inst1|74374:inst18|16              ; 1       ;
; Clavier:inst|KB_Reg:inst1|74374:inst18|15              ; 1       ;
; Clavier:inst|KB_Reg:inst1|74374:inst18|14              ; 1       ;
; Clavier:inst|KB_Reg:inst1|74374:inst18|13              ; 1       ;
; inst11~7                                               ; 1       ;
; Clavier:inst|KB_Reg:inst|74374:inst18|17               ; 1       ;
; Clavier:inst|KB_Reg:inst|74374:inst18|16               ; 1       ;
; inst23~3                                               ; 1       ;
; 74273:inst12|15                                        ; 1       ;
; 74273:inst12|16                                        ; 1       ;
; 74273:inst12|17                                        ; 1       ;
; 74273:inst12|18                                        ; 1       ;
; 74273:inst12|19                                        ; 1       ;
; Clavier:inst|KB_Reg:inst|74374:inst18|15               ; 1       ;
; div_clock:inst5|inst10                                 ; 1       ;
; decodage:inst7|nACIA1~4                                ; 1       ;
; decodage:inst7|nACIA0~4                                ; 1       ;
; Clavier:inst|KB_Reg:inst|74374:inst18|14               ; 1       ;
; decodage:inst7|nYMZ~6                                  ; 1       ;
; div_clock:inst5|inst9                                  ; 1       ;
; Clavier:inst|KB_Reg:inst|74374:inst18|13               ; 1       ;
; div_clock:inst4|inst8                                  ; 1       ;
; A7~1                                                   ; 1       ;
+--------------------------------------------------------+---------+


+--------------------------------------------------+
; Other Routing Usage Summary                      ;
+-----------------------------+--------------------+
; Other Routing Resource Type ; Usage              ;
+-----------------------------+--------------------+
; Output enables              ; 0 / 6 ( 0 % )      ;
; PIA buffers                 ; 187 / 288 ( 65 % ) ;
; PIAs                        ; 225 / 288 ( 78 % ) ;
+-----------------------------+--------------------+


+-----------------------------------------------------------------------------+
; LAB External Interconnect                                                   ;
+-----------------------------------------------+-----------------------------+
; LAB External Interconnects  (Average = 28.13) ; Number of LABs  (Total = 8) ;
+-----------------------------------------------+-----------------------------+
; 0 - 2                                         ; 0                           ;
; 3 - 5                                         ; 0                           ;
; 6 - 8                                         ; 0                           ;
; 9 - 11                                        ; 0                           ;
; 12 - 14                                       ; 0                           ;
; 15 - 17                                       ; 0                           ;
; 18 - 20                                       ; 2                           ;
; 21 - 23                                       ; 0                           ;
; 24 - 26                                       ; 0                           ;
; 27 - 29                                       ; 2                           ;
; 30 - 32                                       ; 4                           ;
+-----------------------------------------------+-----------------------------+


+-----------------------------------------------------------------------+
; LAB Macrocells                                                        ;
+-----------------------------------------+-----------------------------+
; Number of Macrocells  (Average = 14.00) ; Number of LABs  (Total = 8) ;
+-----------------------------------------+-----------------------------+
; 0                                       ; 0                           ;
; 1                                       ; 0                           ;
; 2                                       ; 0                           ;
; 3                                       ; 0                           ;
; 4                                       ; 0                           ;
; 5                                       ; 0                           ;
; 6                                       ; 0                           ;
; 7                                       ; 0                           ;
; 8                                       ; 1                           ;
; 9                                       ; 0                           ;
; 10                                      ; 0                           ;
; 11                                      ; 0                           ;
; 12                                      ; 1                           ;
; 13                                      ; 0                           ;
; 14                                      ; 1                           ;
; 15                                      ; 2                           ;
; 16                                      ; 3                           ;
+-----------------------------------------+-----------------------------+


+---------------------------------------------------------+
; Parallel Expander                                       ;
+--------------------------+------------------------------+
; Parallel Expander Length ; Number of Parallel Expanders ;
+--------------------------+------------------------------+
; 0                        ; 0                            ;
; 1                        ; 1                            ;
+--------------------------+------------------------------+


+------------------------------------------------------------------------------------------------------------------------------------------------------------------------------------------------------------------------------------------------------------------------------------------------------------------------------------------------+
; Logic Cell Interconnection                                                                                                                                                                                                                                                                                                                     ;
+-----+------------+------------------------------------------------------------------------------------------------------------------------------------------------------------------------------------------------------------------------------------------------+----------------------------------------------------------------------------+
; LAB ; Logic Cell ; Input                                                                                                                                                                                                                                          ; Output                                                                     ;
+-----+------------+------------------------------------------------------------------------------------------------------------------------------------------------------------------------------------------------------------------------------------------------+----------------------------------------------------------------------------+
;  A  ; LC5        ; A12, Clavier:inst|KB_Reg:inst4|74374:inst18|15, A9, Clavier:inst|KB_Reg:inst1|74374:inst18|15, A11, Clavier:inst|KB_Reg:inst3|74374:inst18|15, A15, Clavier:inst|KB_Reg:inst7|74374:inst18|15, A13, Clavier:inst|KB_Reg:inst5|74374:inst18|15  ; Clavier:inst|KB_Reg:inst4|inst21~3                                         ;
;  A  ; LC1        ; Clavier:inst|KB_Reg:inst3|inst1, KB_LATCH                                                                                                                                                                                                      ; Clavier:inst|KB_Reg:inst4|74374:inst18|41~1sexpand1bal                     ;
;  A  ; LC14       ; KB_CLK, Clavier:inst|KB_Reg:inst3|inst1, nRESET                                                                                                                                                                                                ; Clavier:inst|KB_Reg:inst3|inst3, Clavier:inst|KB_Reg:inst3|74374:inst18|15 ;
;  A  ; LC16       ; CLK_BAUD                                                                                                                                                                                                                                       ; CLK_ACIA0, div_clock:inst5|inst9                                           ;
;  A  ; LC2        ; Clavier:inst|KB_Reg:inst3|inst, KB_LATCH                                                                                                                                                                                                       ; Clavier:inst|KB_Reg:inst1|74374:inst18|40~1sexpand1bal                     ;
;  A  ; LC4        ; Clavier:inst|KB_Reg:inst3|inst2, KB_LATCH                                                                                                                                                                                                      ; Clavier:inst|KB_Reg:inst4|74374:inst18|42~1sexpand1bal                     ;
;  A  ; LC10       ; KB_CLK, Clavier:inst|KB_Reg:inst3|inst, nRESET                                                                                                                                                                                                 ; Clavier:inst|KB_Reg:inst3|inst2, Clavier:inst|KB_Reg:inst3|74374:inst18|14 ;
;  A  ; LC3        ; KB_CLK, Clavier:inst|KB_Reg:inst3|inst2, nRESET                                                                                                                                                                                                ; Clavier:inst|KB_Reg:inst3|inst4, Clavier:inst|KB_Reg:inst3|74374:inst18|16 ;
;  A  ; LC8        ; KB_CLK, Clavier:inst|KB_Reg:inst2|inst4, nRESET                                                                                                                                                                                                ; Clavier:inst|KB_Reg:inst3|inst1, Clavier:inst|KB_Reg:inst3|74374:inst18|13 ;
;  A  ; LC15       ; Clavier:inst|KB_Reg:inst2|inst4, KB_LATCH                                                                                                                                                                                                      ; Clavier:inst|KB_Reg:inst1|74374:inst18|44~1sexpand1bal                     ;
;  A  ; LC13       ; A3, A2, A8, A9, A10, A11, A12, A13, A14, A15, A5, A4, nMREQ, A7, A6, A1, A0                                                                                                                                                                    ; nACIA0                                                                     ;
;  A  ; LC12       ; KB_CLK, Clavier:inst|KB_Reg:inst2|inst3, nRESET                                                                                                                                                                                                ; Clavier:inst|KB_Reg:inst2|74374:inst18|17, Clavier:inst|KB_Reg:inst3|inst  ;
;  A  ; LC11       ; Clavier:inst|KB_Reg:inst2|inst3, KB_LATCH                                                                                                                                                                                                      ; Clavier:inst|KB_Reg:inst4|74374:inst18|43~1sexpand1bal                     ;
;  A  ; LC9        ; Clavier:inst|KB_Reg:inst2|inst2, KB_LATCH                                                                                                                                                                                                      ; Clavier:inst|KB_Reg:inst6|74374:inst18|42~1sexpand1bal                     ;
;  A  ; LC7        ; KB_CLK, Clavier:inst|KB_Reg:inst2|inst2, nRESET                                                                                                                                                                                                ; Clavier:inst|KB_Reg:inst2|inst4, Clavier:inst|KB_Reg:inst2|74374:inst18|16 ;
;  B  ; LC24       ; Clavier:inst|KB_Reg:inst5|inst1, KB_LATCH                                                                                                                                                                                                      ; Clavier:inst|KB_Reg:inst4|74374:inst18|41~1sexpand1bal                     ;
;  B  ; LC31       ; KB_CLK, Clavier:inst|KB_Reg:inst5|inst4, nRESET                                                                                                                                                                                                ; Clavier:inst|KB_Reg:inst6|inst1, Clavier:inst|KB_Reg:inst6|74374:inst18|13 ;
;  B  ; LC26       ; Clavier:inst|KB_Reg:inst5|inst4, KB_LATCH                                                                                                                                                                                                      ; Clavier:inst|KB_Reg:inst1|74374:inst18|44~1sexpand1bal                     ;
;  B  ; LC27       ; Clavier:inst|KB_Reg:inst5|inst3, KB_LATCH                                                                                                                                                                                                      ; Clavier:inst|KB_Reg:inst4|74374:inst18|43~1sexpand1bal                     ;
;  B  ; LC25       ; KB_CLK, Clavier:inst|KB_Reg:inst5|inst3, nRESET                                                                                                                                                                                                ; Clavier:inst|KB_Reg:inst5|74374:inst18|17, Clavier:inst|KB_Reg:inst6|inst  ;
;  B  ; LC17       ; Clavier:inst|KB_Reg:inst5|inst2, KB_LATCH                                                                                                                                                                                                      ; Clavier:inst|KB_Reg:inst4|74374:inst18|42~1sexpand1bal                     ;
;  B  ; LC22       ; KB_CLK, Clavier:inst|KB_Reg:inst5|inst1, nRESET                                                                                                                                                                                                ; Clavier:inst|KB_Reg:inst5|inst3, Clavier:inst|KB_Reg:inst5|74374:inst18|15 ;
;  B  ; LC21       ; Clavier:inst|KB_Reg:inst5|inst, KB_LATCH                                                                                                                                                                                                       ; Clavier:inst|KB_Reg:inst1|74374:inst18|40~1sexpand1bal                     ;
;  B  ; LC19       ; Clavier:inst|KB_Reg:inst4|inst4, KB_LATCH                                                                                                                                                                                                      ; Clavier:inst|KB_Reg:inst6|74374:inst18|44~1sexpand1bal                     ;
;  B  ; LC32       ; Clavier:inst|KB_Reg:inst2|inst1, KB_LATCH                                                                                                                                                                                                      ; Clavier:inst|KB_Reg:inst4|74374:inst18|41~1sexpand1bal                     ;
;  B  ; LC28       ; A9, Clavier:inst|KB_Reg:inst1|74374:inst18|17, A10, Clavier:inst|KB_Reg:inst2|74374:inst18|17, A11, Clavier:inst|KB_Reg:inst3|74374:inst18|17, A15, Clavier:inst|KB_Reg:inst7|74374:inst18|17, A13, Clavier:inst|KB_Reg:inst5|74374:inst18|17  ; Clavier:inst|KB_Reg:inst1|inst19~3                                         ;
;  B  ; LC29       ; Clavier:inst|KB_Reg:inst6|inst, KB_LATCH                                                                                                                                                                                                       ; Clavier:inst|KB_Reg:inst7|74374:inst18|40~1sexpand1bal                     ;
;  B  ; LC20       ; KB_CLK, Clavier:inst|KB_Reg:inst5|inst, nRESET                                                                                                                                                                                                 ; Clavier:inst|KB_Reg:inst5|inst2, Clavier:inst|KB_Reg:inst5|74374:inst18|14 ;
;  B  ; LC18       ; KB_CLK, Clavier:inst|KB_Reg:inst4|inst4, nRESET                                                                                                                                                                                                ; Clavier:inst|KB_Reg:inst5|inst1, Clavier:inst|KB_Reg:inst5|74374:inst18|13 ;
;  B  ; LC23       ; KB_CLK, Clavier:inst|KB_Reg:inst5|inst2, nRESET                                                                                                                                                                                                ; Clavier:inst|KB_Reg:inst5|inst4, Clavier:inst|KB_Reg:inst5|74374:inst18|16 ;
;  B  ; LC30       ; KB_CLK, Clavier:inst|KB_Reg:inst6|inst, nRESET                                                                                                                                                                                                 ; Clavier:inst|KB_Reg:inst6|inst2, Clavier:inst|KB_Reg:inst6|74374:inst18|14 ;
;  C  ; LC38       ; Clavier:inst|KB_Reg:inst7|inst1, KB_LATCH                                                                                                                                                                                                      ; Clavier:inst|KB_Reg:inst4|74374:inst18|41~1sexpand1bal                     ;
;  C  ; LC37       ; KB_CLK, Clavier:inst|KB_Reg:inst7|inst1, nRESET                                                                                                                                                                                                ; Clavier:inst|KB_Reg:inst7|inst3, Clavier:inst|KB_Reg:inst7|74374:inst18|15 ;
;  C  ; LC44       ; Clavier:inst|KB_Reg:inst7|inst, KB_LATCH                                                                                                                                                                                                       ; Clavier:inst|KB_Reg:inst7|74374:inst18|40~1sexpand1bal                     ;
;  C  ; LC41       ; div_clock:inst5|inst8                                                                                                                                                                                                                          ; div_clock:inst5|inst10                                                     ;
;  C  ; LC33       ; Clavier:inst|KB_Reg:inst6|inst4, KB_LATCH                                                                                                                                                                                                      ; Clavier:inst|KB_Reg:inst6|74374:inst18|44~1sexpand1bal                     ;
;  C  ; LC48       ; KB_CLK, Clavier:inst|KB_Reg:inst6|inst4, nRESET                                                                                                                                                                                                ; Clavier:inst|KB_Reg:inst7|inst1, Clavier:inst|KB_Reg:inst7|74374:inst18|13 ;
;  C  ; LC39       ; KB_CLK, Clavier:inst|KB_Reg:inst6|inst2, nRESET                                                                                                                                                                                                ; Clavier:inst|KB_Reg:inst6|inst4, Clavier:inst|KB_Reg:inst6|74374:inst18|16 ;
;  C  ; LC45       ; Clavier:inst|KB_Reg:inst6|inst2, KB_LATCH                                                                                                                                                                                                      ; Clavier:inst|KB_Reg:inst6|74374:inst18|42~1sexpand1bal                     ;
;  C  ; LC43       ; KB_CLK, Clavier:inst|KB_Reg:inst6|inst3, nRESET                                                                                                                                                                                                ; Clavier:inst|KB_Reg:inst7|inst, Clavier:inst|KB_Reg:inst6|74374:inst18|17  ;
;  C  ; LC40       ; Clavier:inst|KB_Reg:inst6|inst3, KB_LATCH                                                                                                                                                                                                      ; Clavier:inst|KB_Reg:inst6|74374:inst18|43~1sexpand1bal                     ;
;  C  ; LC36       ; KB_CLK, Clavier:inst|KB_Reg:inst7|inst, nRESET                                                                                                                                                                                                 ; Clavier:inst|KB_Reg:inst7|inst2, Clavier:inst|KB_Reg:inst7|74374:inst18|14 ;
;  C  ; LC42       ; KB_CLK, Clavier:inst|KB_Reg:inst7|inst2, nRESET                                                                                                                                                                                                ; Clavier:inst|KB_Reg:inst7|inst4, Clavier:inst|KB_Reg:inst7|74374:inst18|16 ;
;  C  ; LC35       ; Clavier:inst|KB_Reg:inst7|inst2, KB_LATCH                                                                                                                                                                                                      ; Clavier:inst|KB_Reg:inst4|74374:inst18|42~1sexpand1bal                     ;
;  C  ; LC46       ; KB_CLK, Clavier:inst|KB_Reg:inst7|inst3, nRESET                                                                                                                                                                                                ; Clavier:inst|KB_Reg:inst7|74374:inst18|17                                  ;
;  C  ; LC47       ; Clavier:inst|KB_Reg:inst7|inst3, KB_LATCH                                                                                                                                                                                                      ; Clavier:inst|KB_Reg:inst4|74374:inst18|43~1sexpand1bal                     ;
;  C  ; LC34       ; A12, Clavier:inst|KB_Reg:inst4|74374:inst18|14, A10, Clavier:inst|KB_Reg:inst2|74374:inst18|14, A11, Clavier:inst|KB_Reg:inst3|74374:inst18|14, A15, Clavier:inst|KB_Reg:inst7|74374:inst18|14, A13, Clavier:inst|KB_Reg:inst5|74374:inst18|14 ; Clavier:inst|KB_Reg:inst4|inst22~3                                         ;
;  D  ; LC58       ; KB_CLK, Clavier:inst|KB_Reg:inst|inst1, nRESET                                                                                                                                                                                                 ; Clavier:inst|KB_Reg:inst|inst3, Clavier:inst|KB_Reg:inst|74374:inst18|15   ;
;  D  ; LC60       ; Clavier:inst|KB_Reg:inst|inst1, KB_LATCH                                                                                                                                                                                                       ; Clavier:inst|KB_Reg:inst6|74374:inst18|41~1sexpand1bal                     ;
;  D  ; LC52       ; KB_CLK, Clavier:inst|KB_Reg:inst|inst2, nRESET                                                                                                                                                                                                 ; Clavier:inst|KB_Reg:inst|inst4, Clavier:inst|KB_Reg:inst|74374:inst18|16   ;
;  D  ; LC49       ; Clavier:inst|KB_Reg:inst|inst2, KB_LATCH                                                                                                                                                                                                       ; Clavier:inst|KB_Reg:inst6|74374:inst18|42~1sexpand1bal                     ;
;  D  ; LC50       ; Clavier:inst|KB_Reg:inst|inst3, KB_LATCH                                                                                                                                                                                                       ; Clavier:inst|KB_Reg:inst6|74374:inst18|43~1sexpand1bal                     ;
;  D  ; LC61       ; A13, A14, A15, CLK, nMREQ, nRD, 74273:inst12|14, nRFSH                                                                                                                                                                                         ; nCS_ROM                                                                    ;
;  D  ; LC53       ; D4, nWR, A3, A2, A1, A0, CLK, A8, A9, A10, A11, A12, A13, A14, A15, A5, A4, nMREQ, A7, A6, nRESET                                                                                                                                              ; NV_A17                                                                     ;
;  D  ; LC56       ; D3, nWR, A3, A2, A1, A0, CLK, A8, A9, A10, A11, A12, A13, A14, A15, A5, A4, nMREQ, A7, A6, nRESET                                                                                                                                              ; NV_A16                                                                     ;
;  D  ; LC57       ; D2, nWR, A3, A2, A1, A0, CLK, A8, A9, A10, A11, A12, A13, A14, A15, A5, A4, nMREQ, A7, A6, nRESET                                                                                                                                              ; NV_A15                                                                     ;
;  D  ; LC59       ; D1, nWR, A3, A2, A1, A0, CLK, A8, A9, A10, A11, A12, A13, A14, A15, A5, A4, nMREQ, A7, A6, nRESET                                                                                                                                              ; NV_A14                                                                     ;
;  D  ; LC64       ; D0, nWR, A3, A2, A1, A0, CLK, A8, A9, A10, A11, A12, A13, A14, A15, A5, A4, nMREQ, A7, A6, nRESET                                                                                                                                              ; NV_A13                                                                     ;
;  D  ; LC55       ; KB_CLK, Clavier:inst|KB_Reg:inst|inst3, nRESET                                                                                                                                                                                                 ; Clavier:inst|KB_Reg:inst1|inst, Clavier:inst|KB_Reg:inst|74374:inst18|17   ;
;  E  ; LC74       ; KB_CLK, Clavier:inst|KB_Reg:inst6|inst1, nRESET                                                                                                                                                                                                ; Clavier:inst|KB_Reg:inst6|inst3, Clavier:inst|KB_Reg:inst6|74374:inst18|15 ;
;  E  ; LC80       ; Clavier:inst|KB_Reg:inst6|inst1, KB_LATCH                                                                                                                                                                                                      ; Clavier:inst|KB_Reg:inst6|74374:inst18|41~1sexpand1bal                     ;
;  E  ; LC68       ; Clavier:inst|KB_Reg:inst|inst, KB_LATCH                                                                                                                                                                                                        ; Clavier:inst|KB_Reg:inst7|74374:inst18|40~1sexpand1bal                     ;
;  E  ; LC75       ; KB_CLK, Clavier:inst|KB_Reg:inst|inst4, nRESET                                                                                                                                                                                                 ; Clavier:inst|KB_Reg:inst1|inst1, Clavier:inst|KB_Reg:inst1|74374:inst18|13 ;
;  E  ; LC77       ; Clavier:inst|KB_Reg:inst|inst4, KB_LATCH                                                                                                                                                                                                       ; Clavier:inst|KB_Reg:inst6|74374:inst18|44~1sexpand1bal                     ;
;  E  ; LC79       ; KB_CLK, Clavier:inst|KB_Reg:inst2|inst1, nRESET                                                                                                                                                                                                ; Clavier:inst|KB_Reg:inst2|inst3, Clavier:inst|KB_Reg:inst2|74374:inst18|15 ;
;  E  ; LC78       ; Clavier:inst|KB_Reg:inst7|inst4, KB_LATCH                                                                                                                                                                                                      ; Clavier:inst|KB_Reg:inst1|74374:inst18|44~1sexpand1bal                     ;
;  E  ; LC67       ; KB_CLK, Clavier:inst|KB_Reg:inst4|inst3, nRESET                                                                                                                                                                                                ; Clavier:inst|KB_Reg:inst4|74374:inst18|17, Clavier:inst|KB_Reg:inst5|inst  ;
;  E  ; LC76       ; A12, Clavier:inst|KB_Reg:inst4|74374:inst18|16, A9, Clavier:inst|KB_Reg:inst1|74374:inst18|16, A10, Clavier:inst|KB_Reg:inst2|74374:inst18|16, A15, Clavier:inst|KB_Reg:inst7|74374:inst18|16, A13, Clavier:inst|KB_Reg:inst5|74374:inst18|16  ; Clavier:inst|KB_Reg:inst4|inst20~3                                         ;
;  E  ; LC66       ; Clavier:inst|KB_Reg:inst4|inst3, KB_LATCH                                                                                                                                                                                                      ; Clavier:inst|KB_Reg:inst4|74374:inst18|43~1sexpand1bal                     ;
;  E  ; LC65       ; A15, Clavier:inst|KB_Reg:inst7|74374:inst18|13, A14, Clavier:inst|KB_Reg:inst6|74374:inst18|13, A8, Clavier:inst|KB_Reg:inst|74374:inst18|13                                                                                                   ; Clavier:inst|KB_Reg:inst1|inst15~3                                         ;
;  E  ; LC69       ; A14, Clavier:inst|KB_Reg:inst6|74374:inst18|14, A8, Clavier:inst|KB_Reg:inst|74374:inst18|14, A9, Clavier:inst|KB_Reg:inst1|74374:inst18|14                                                                                                    ; Clavier:inst|KB_Reg:inst4|inst22~3                                         ;
;  E  ; LC72       ; A14, Clavier:inst|KB_Reg:inst6|74374:inst18|15, A8, Clavier:inst|KB_Reg:inst|74374:inst18|15, A10, Clavier:inst|KB_Reg:inst2|74374:inst18|15                                                                                                   ; Clavier:inst|KB_Reg:inst4|inst21~3                                         ;
;  E  ; LC73       ; A14, Clavier:inst|KB_Reg:inst6|74374:inst18|17, A8, Clavier:inst|KB_Reg:inst|74374:inst18|17, A12, Clavier:inst|KB_Reg:inst4|74374:inst18|17                                                                                                   ; Clavier:inst|KB_Reg:inst1|inst19~3                                         ;
;  F  ; LC93       ; A5, nIORQ, A7, A6, A3, A2, A1, A0                                                                                                                                                                                                              ; nYMZ                                                                       ;
;  F  ; LC94       ; CLK                                                                                                                                                                                                                                            ; CLK_YMZ                                                                    ;
;  F  ; LC91       ; Clavier:inst|KB_Reg:inst1|74374:inst18|40~1sexpand1bal, Clavier:inst|KB_Reg:inst7|74374:inst18|40~1sexpand1bal                                                                                                                                 ; KBD0                                                                       ;
;  F  ; LC88       ; Clavier:inst|KB_Reg:inst4|74374:inst18|41~1sexpand1bal, Clavier:inst|KB_Reg:inst6|74374:inst18|41~1sexpand1bal                                                                                                                                 ; KBD1                                                                       ;
;  F  ; LC86       ; Clavier:inst|KB_Reg:inst4|74374:inst18|42~1sexpand1bal, Clavier:inst|KB_Reg:inst6|74374:inst18|42~1sexpand1bal                                                                                                                                 ; KBD2                                                                       ;
;  F  ; LC85       ; Clavier:inst|KB_Reg:inst4|74374:inst18|43~1sexpand1bal, Clavier:inst|KB_Reg:inst6|74374:inst18|43~1sexpand1bal                                                                                                                                 ; KBD3                                                                       ;
;  F  ; LC83       ; Clavier:inst|KB_Reg:inst1|74374:inst18|44~1sexpand1bal, Clavier:inst|KB_Reg:inst6|74374:inst18|44~1sexpand1bal                                                                                                                                 ; KBD4                                                                       ;
;  F  ; LC89       ; A9, Clavier:inst|KB_Reg:inst1|74374:inst18|13, A10, Clavier:inst|KB_Reg:inst2|74374:inst18|13, A12, Clavier:inst|KB_Reg:inst4|74374:inst18|13, A11, Clavier:inst|KB_Reg:inst3|74374:inst18|13, A13, Clavier:inst|KB_Reg:inst5|74374:inst18|13  ; Clavier:inst|KB_Reg:inst1|inst15~3                                         ;
;  G  ; LC109      ; Clavier:inst|KB_Reg:inst4|inst2, KB_LATCH                                                                                                                                                                                                      ; Clavier:inst|KB_Reg:inst4|74374:inst18|42~1sexpand1bal                     ;
;  G  ; LC99       ; inst11~9, A2, A8, A9, A10, A11, A12, A5, A4, A7, A6, nMREQ, A13, A14, A15, CLK, A1, A0, nRD, 74273:inst12|14, nRFSH                                                                                                                            ; MEM_DIS                                                                    ;
;  G  ; LC100      ; D5, nWR, A3, A2, A1, A0, CLK, A8, A9, A10, A11, A12, A13, A14, A15, A5, A4, nMREQ, A7, A6, nRESET                                                                                                                                              ; inst23~3, inst11~7                                                         ;
;  G  ; LC107      ; div_clock:inst5|inst9                                                                                                                                                                                                                          ; CLK_ACIA1                                                                  ;
;  G  ; LC110      ; KB_CLK, Clavier:inst|KB_Reg:inst4|inst2, nRESET                                                                                                                                                                                                ; Clavier:inst|KB_Reg:inst4|inst4, Clavier:inst|KB_Reg:inst4|74374:inst18|16 ;
;  G  ; LC111      ; KB_CLK, Clavier:inst|KB_Reg:inst4|inst1, nRESET                                                                                                                                                                                                ; Clavier:inst|KB_Reg:inst4|inst3, Clavier:inst|KB_Reg:inst4|74374:inst18|15 ;
;  G  ; LC103      ; Clavier:inst|KB_Reg:inst4|inst1, KB_LATCH                                                                                                                                                                                                      ; Clavier:inst|KB_Reg:inst4|74374:inst18|41~1sexpand1bal                     ;
;  G  ; LC112      ; KB_CLK, Clavier:inst|KB_Reg:inst|inst, nRESET                                                                                                                                                                                                  ; Clavier:inst|KB_Reg:inst|inst2, Clavier:inst|KB_Reg:inst|74374:inst18|14   ;
;  G  ; LC108      ; KB_CLK, Clavier:inst|KB_Reg:inst4|inst, nRESET                                                                                                                                                                                                 ; Clavier:inst|KB_Reg:inst4|inst2, Clavier:inst|KB_Reg:inst4|74374:inst18|14 ;
;  G  ; LC104      ; Clavier:inst|KB_Reg:inst4|inst, KB_LATCH                                                                                                                                                                                                       ; Clavier:inst|KB_Reg:inst1|74374:inst18|40~1sexpand1bal                     ;
;  G  ; LC97       ; A7                                                                                                                                                                                                                                             ; nA7                                                                        ;
;  G  ; LC98       ; A3, A8, A9, A10, A11, A12, A5, A4, A7, A6, nMREQ, A13, A14, A15, CLK                                                                                                                                                                           ; inst11~7                                                                   ;
;  G  ; LC105      ; KB_CLK, Clavier:inst|KB_Reg:inst3|inst4, nRESET                                                                                                                                                                                                ; Clavier:inst|KB_Reg:inst4|inst1, Clavier:inst|KB_Reg:inst4|74374:inst18|13 ;
;  G  ; LC101      ; Clavier:inst|KB_Reg:inst3|inst3, KB_LATCH                                                                                                                                                                                                      ; Clavier:inst|KB_Reg:inst6|74374:inst18|43~1sexpand1bal                     ;
;  G  ; LC102      ; KB_CLK, Clavier:inst|KB_Reg:inst3|inst3, nRESET                                                                                                                                                                                                ; Clavier:inst|KB_Reg:inst4|inst, Clavier:inst|KB_Reg:inst3|74374:inst18|17  ;
;  G  ; LC106      ; Clavier:inst|KB_Reg:inst3|inst4, KB_LATCH                                                                                                                                                                                                      ; Clavier:inst|KB_Reg:inst1|74374:inst18|44~1sexpand1bal                     ;
;  H  ; LC114      ; KB_CLK, Clavier:inst|KB_Reg:inst1|inst1, nRESET                                                                                                                                                                                                ; Clavier:inst|KB_Reg:inst1|inst3, Clavier:inst|KB_Reg:inst1|74374:inst18|15 ;
;  H  ; LC126      ; Clavier:inst|KB_Reg:inst1|inst, KB_LATCH                                                                                                                                                                                                       ; Clavier:inst|KB_Reg:inst1|74374:inst18|40~1sexpand1bal                     ;
;  H  ; LC119      ; KB_CLK, Clavier:inst|KB_Reg:inst1|inst, nRESET                                                                                                                                                                                                 ; Clavier:inst|KB_Reg:inst1|inst2, Clavier:inst|KB_Reg:inst1|74374:inst18|14 ;
;  H  ; LC118      ; A3, A2, A8, A9, A10, A11, A12, A13, A14, A15, A5, A4, nMREQ, A7, A6, A1, A0                                                                                                                                                                    ; nACIA1                                                                     ;
;  H  ; LC117      ; KB_CLK, KB_DATA, nRESET                                                                                                                                                                                                                        ; Clavier:inst|KB_Reg:inst|inst1, Clavier:inst|KB_Reg:inst|74374:inst18|13   ;
;  H  ; LC127      ; Clavier:inst|KB_Reg:inst1|inst3, KB_LATCH                                                                                                                                                                                                      ; Clavier:inst|KB_Reg:inst4|74374:inst18|43~1sexpand1bal                     ;
;  H  ; LC128      ; KB_CLK, Clavier:inst|KB_Reg:inst1|inst3, nRESET                                                                                                                                                                                                ; Clavier:inst|KB_Reg:inst1|74374:inst18|17, Clavier:inst|KB_Reg:inst2|inst  ;
;  H  ; LC123      ; Clavier:inst|KB_Reg:inst1|inst2, KB_LATCH                                                                                                                                                                                                      ; Clavier:inst|KB_Reg:inst4|74374:inst18|42~1sexpand1bal                     ;
;  H  ; LC122      ; KB_CLK, Clavier:inst|KB_Reg:inst1|inst2, nRESET                                                                                                                                                                                                ; Clavier:inst|KB_Reg:inst1|inst4, Clavier:inst|KB_Reg:inst1|74374:inst18|16 ;
;  H  ; LC120      ; Clavier:inst|KB_Reg:inst2|inst, KB_LATCH                                                                                                                                                                                                       ; Clavier:inst|KB_Reg:inst1|74374:inst18|40~1sexpand1bal                     ;
;  H  ; LC113      ; KB_CLK, Clavier:inst|KB_Reg:inst2|inst, nRESET                                                                                                                                                                                                 ; Clavier:inst|KB_Reg:inst2|inst2, Clavier:inst|KB_Reg:inst2|74374:inst18|14 ;
;  H  ; LC115      ; Clavier:inst|KB_Reg:inst1|inst1, KB_LATCH                                                                                                                                                                                                      ; Clavier:inst|KB_Reg:inst6|74374:inst18|41~1sexpand1bal                     ;
;  H  ; LC125      ; KB_CLK, Clavier:inst|KB_Reg:inst1|inst4, nRESET                                                                                                                                                                                                ; Clavier:inst|KB_Reg:inst2|inst1, Clavier:inst|KB_Reg:inst2|74374:inst18|13 ;
;  H  ; LC121      ; A14, Clavier:inst|KB_Reg:inst6|74374:inst18|16, A8, Clavier:inst|KB_Reg:inst|74374:inst18|16, A11, Clavier:inst|KB_Reg:inst3|74374:inst18|16                                                                                                   ; Clavier:inst|KB_Reg:inst4|inst20~3                                         ;
;  H  ; LC116      ; Clavier:inst|KB_Reg:inst1|inst4, KB_LATCH                                                                                                                                                                                                      ; Clavier:inst|KB_Reg:inst1|74374:inst18|44~1sexpand1bal                     ;
+-----+------------+------------------------------------------------------------------------------------------------------------------------------------------------------------------------------------------------------------------------------------------------+----------------------------------------------------------------------------+


+---------------------------------------------------------------+
; Fitter Device Options                                         ;
+----------------------------------------------+----------------+
; Option                                       ; Setting        ;
+----------------------------------------------+----------------+
; Enable user-supplied start-up clock (CLKUSR) ; Off            ;
; Enable device-wide reset (DEV_CLRn)          ; Off            ;
; Enable device-wide output enable (DEV_OE)    ; Off            ;
; Enable INIT_DONE output                      ; Off            ;
; Configuration scheme                         ; Passive Serial ;
; Security bit                                 ; Off            ;
; Base pin-out file on sameframe device        ; Off            ;
+----------------------------------------------+----------------+


+-----------------+
; Fitter Messages ;
+-----------------+
Warning (20028): Parallel compilation is not licensed and has been disabled
Info (119006): Selected device EPM7128SLC84-10 for design "Minitel"
Info: Quartus II 64-Bit Fitter was successful. 0 errors, 1 warning
    Info: Peak virtual memory: 491 megabytes
    Info: Processing ended: Sun May 15 14:14:31 2022
    Info: Elapsed time: 00:00:01
    Info: Total CPU time (on all processors): 00:00:01


